<?xml version="1.0" encoding="UTF-8"?>
<testng-results ignored="0" total="2" passed="2" failed="0" skipped="0">
  <reporter-output>
  </reporter-output>
  <suite started-at="2023-05-02T12:38:57 IST" name="Default suite" finished-at="2023-05-02T12:38:57 IST" duration-ms="72">
    <groups>
    </groups>
    <test started-at="2023-05-02T12:38:57 IST" name="Default test" finished-at="2023-05-02T12:38:57 IST" duration-ms="72">
      <class name="Day35.anotation2">
        <test-method is-config="true" signature="login()[pri:0, instance:Day35.anotation2@201a4587]" started-at="2023-05-02T12:38:57 IST" name="login" finished-at="2023-05-02T12:38:57 IST" duration-ms="9" status="PASS">
          <reporter-output>
          </reporter-output>
        </test-method> <!-- login -->
        <test-method signature="search()[pri:1, instance:Day35.anotation2@201a4587]" started-at="2023-05-02T12:38:57 IST" name="search" finished-at="2023-05-02T12:38:57 IST" duration-ms="10" status="PASS">
          <reporter-output>
          </reporter-output>
        </test-method> <!-- search -->
        <test-method signature="advancedsearch()[pri:2, instance:Day35.anotation2@201a4587]" started-at="2023-05-02T12:38:57 IST" name="advancedsearch" finished-at="2023-05-02T12:38:57 IST" duration-ms="2" status="PASS">
          <reporter-output>
          </reporter-output>
        </test-method> <!-- advancedsearch -->
        <test-method is-config="true" signature="logout()[pri:0, instance:Day35.anotation2@201a4587]" started-at="2023-05-02T12:38:57 IST" name="logout" finished-at="2023-05-02T12:38:57 IST" duration-ms="1" status="PASS">
          <reporter-output>
          </reporter-output>
        </test-method> <!-- logout -->
      </class> <!-- Day35.anotation2 -->
    </test> <!-- Default test -->
  </suite> <!-- Default suite -->
</testng-results>
